<?xml version="1.0" encoding="UTF-8"?>
<testng-results ignored="0" total="4" passed="4" failed="0" skipped="0">
  <reporter-output>
  </reporter-output>
  <suite started-at="2025-05-01T17:37:23 IST" name="Suite" finished-at="2025-05-01T17:37:30 IST" duration-ms="6825">
    <groups>
    </groups>
    <test started-at="2025-05-01T17:37:23 IST" name="Test" finished-at="2025-05-01T17:37:30 IST" duration-ms="6825">
      <class name="Day8.updateUser">
        <test-method signature="test_updateUser(org.testng.ITestContext)[pri:0, instance:Day8.updateUser@4218d6a3]" started-at="2025-05-01T17:37:29 IST" name="test_updateUser" finished-at="2025-05-01T17:37:29 IST" duration-ms="421" status="PASS">
          <params>
            <param index="0">
              <value>
                <![CDATA[org.testng.TestRunner@6a6afff2]]>
              </value>
            </param>
          </params>
          <reporter-output>
          </reporter-output>
        </test-method> <!-- test_updateUser -->
      </class> <!-- Day8.updateUser -->
      <class name="Day8.createUser">
        <test-method signature="testCreatingAUser(org.testng.ITestContext)[pri:0, instance:Day8.createUser@7b2bbc3]" started-at="2025-05-01T17:37:23 IST" name="testCreatingAUser" finished-at="2025-05-01T17:37:28 IST" duration-ms="5609" status="PASS">
          <params>
            <param index="0">
              <value>
                <![CDATA[org.testng.TestRunner@6a6afff2]]>
              </value>
            </param>
          </params>
          <reporter-output>
          </reporter-output>
        </test-method> <!-- testCreatingAUser -->
      </class> <!-- Day8.createUser -->
      <class name="Day8.deleteUser">
        <test-method signature="test_deleteUser(org.testng.ITestContext)[pri:0, instance:Day8.deleteUser@76505305]" started-at="2025-05-01T17:37:29 IST" name="test_deleteUser" finished-at="2025-05-01T17:37:30 IST" duration-ms="294" status="PASS">
          <params>
            <param index="0">
              <value>
                <![CDATA[org.testng.TestRunner@6a6afff2]]>
              </value>
            </param>
          </params>
          <reporter-output>
          </reporter-output>
        </test-method> <!-- test_deleteUser -->
      </class> <!-- Day8.deleteUser -->
      <class name="Day8.getUser">
        <test-method signature="testGetUser(org.testng.ITestContext)[pri:0, instance:Day8.getUser@5656be13]" started-at="2025-05-01T17:37:28 IST" name="testGetUser" finished-at="2025-05-01T17:37:29 IST" duration-ms="409" status="PASS">
          <params>
            <param index="0">
              <value>
                <![CDATA[org.testng.TestRunner@6a6afff2]]>
              </value>
            </param>
          </params>
          <reporter-output>
          </reporter-output>
        </test-method> <!-- testGetUser -->
      </class> <!-- Day8.getUser -->
    </test> <!-- Test -->
  </suite> <!-- Suite -->
</testng-results>
