<?xml version="1.0" encoding="UTF-8"?>
<!-- Generated by org.testng.reporters.JUnitXMLReporter -->
<testsuite ignored="0" hostname="DESKTOP-B4SFM7J" failures="0" tests="4" name="Test" time="6.825" errors="0" timestamp="2025-05-01T17:37:30 IST">
  <testcase classname="Day8.createUser" name="testCreatingAUser" time="5.609"/>
  <testcase classname="Day8.getUser" name="testGetUser" time="0.409"/>
  <testcase classname="Day8.updateUser" name="test_updateUser" time="0.421"/>
  <testcase classname="Day8.deleteUser" name="test_deleteUser" time="0.294"/>
</testsuite> <!-- Test -->
